Performing C SOURCE FILE Test CMAKE_HAVE_LIBC_PTHREAD failed with the following output:
Change Dir: /mnt/docker/remote_machine_utils/dlib-19.21/examples/build/CMakeFiles/CMakeTmp

Run Build Command(s):/usr/bin/make cmTC_1f5ec/fast && /usr/bin/make -f CMakeFiles/cmTC_1f5ec.dir/build.make CMakeFiles/cmTC_1f5ec.dir/build
make[1]: Entering directory '/mnt/docker/remote_machine_utils/dlib-19.21/examples/build/CMakeFiles/CMakeTmp'
Building C object CMakeFiles/cmTC_1f5ec.dir/src.c.o
/usr/bin/cc   -DCMAKE_HAVE_LIBC_PTHREAD   -o CMakeFiles/cmTC_1f5ec.dir/src.c.o   -c /mnt/docker/remote_machine_utils/dlib-19.21/examples/build/CMakeFiles/CMakeTmp/src.c
Linking C executable cmTC_1f5ec
/usr/bin/cmake -E cmake_link_script CMakeFiles/cmTC_1f5ec.dir/link.txt --verbose=1
/usr/bin/cc  -DCMAKE_HAVE_LIBC_PTHREAD    -rdynamic CMakeFiles/cmTC_1f5ec.dir/src.c.o  -o cmTC_1f5ec 
/usr/bin/ld: CMakeFiles/cmTC_1f5ec.dir/src.c.o: in function `main':
src.c:(.text+0x46): undefined reference to `pthread_create'
/usr/bin/ld: src.c:(.text+0x52): undefined reference to `pthread_detach'
/usr/bin/ld: src.c:(.text+0x63): undefined reference to `pthread_join'
collect2: error: ld returned 1 exit status
make[1]: *** [CMakeFiles/cmTC_1f5ec.dir/build.make:87: cmTC_1f5ec] Error 1
make[1]: Leaving directory '/mnt/docker/remote_machine_utils/dlib-19.21/examples/build/CMakeFiles/CMakeTmp'
make: *** [Makefile:121: cmTC_1f5ec/fast] Error 2


Source file was:
#include <pthread.h>

void* test_func(void* data)
{
  return data;
}

int main(void)
{
  pthread_t thread;
  pthread_create(&thread, NULL, test_func, NULL);
  pthread_detach(thread);
  pthread_join(thread, NULL);
  pthread_atfork(NULL, NULL, NULL);
  pthread_exit(NULL);

  return 0;
}

Determining if the function pthread_create exists in the pthreads failed with the following output:
Change Dir: /mnt/docker/remote_machine_utils/dlib-19.21/examples/build/CMakeFiles/CMakeTmp

Run Build Command(s):/usr/bin/make cmTC_88bd1/fast && /usr/bin/make -f CMakeFiles/cmTC_88bd1.dir/build.make CMakeFiles/cmTC_88bd1.dir/build
make[1]: Entering directory '/mnt/docker/remote_machine_utils/dlib-19.21/examples/build/CMakeFiles/CMakeTmp'
Building C object CMakeFiles/cmTC_88bd1.dir/CheckFunctionExists.c.o
/usr/bin/cc   -DCHECK_FUNCTION_EXISTS=pthread_create   -o CMakeFiles/cmTC_88bd1.dir/CheckFunctionExists.c.o   -c /usr/share/cmake-3.16/Modules/CheckFunctionExists.c
Linking C executable cmTC_88bd1
/usr/bin/cmake -E cmake_link_script CMakeFiles/cmTC_88bd1.dir/link.txt --verbose=1
/usr/bin/cc  -DCHECK_FUNCTION_EXISTS=pthread_create    -rdynamic CMakeFiles/cmTC_88bd1.dir/CheckFunctionExists.c.o  -o cmTC_88bd1  -lpthreads 
/usr/bin/ld: cannot find -lpthreads
collect2: error: ld returned 1 exit status
make[1]: *** [CMakeFiles/cmTC_88bd1.dir/build.make:87: cmTC_88bd1] Error 1
make[1]: Leaving directory '/mnt/docker/remote_machine_utils/dlib-19.21/examples/build/CMakeFiles/CMakeTmp'
make: *** [Makefile:121: cmTC_88bd1/fast] Error 2



Determining if the function sgemm_ exists failed with the following output:
Change Dir: /mnt/docker/remote_machine_utils/dlib-19.21/examples/build/CMakeFiles/CMakeTmp

Run Build Command(s):/usr/bin/make cmTC_527b9/fast && /usr/bin/make -f CMakeFiles/cmTC_527b9.dir/build.make CMakeFiles/cmTC_527b9.dir/build
make[1]: Entering directory '/mnt/docker/remote_machine_utils/dlib-19.21/examples/build/CMakeFiles/CMakeTmp'
Building C object CMakeFiles/cmTC_527b9.dir/CheckFunctionExists.c.o
/usr/bin/cc   -DCHECK_FUNCTION_EXISTS=sgemm_   -o CMakeFiles/cmTC_527b9.dir/CheckFunctionExists.c.o   -c /usr/share/cmake-3.16/Modules/CheckFunctionExists.c
Linking C executable cmTC_527b9
/usr/bin/cmake -E cmake_link_script CMakeFiles/cmTC_527b9.dir/link.txt --verbose=1
/usr/bin/cc  -DCHECK_FUNCTION_EXISTS=sgemm_    -rdynamic CMakeFiles/cmTC_527b9.dir/CheckFunctionExists.c.o  -o cmTC_527b9 
/usr/bin/ld: CMakeFiles/cmTC_527b9.dir/CheckFunctionExists.c.o: in function `main':
CheckFunctionExists.c:(.text+0x14): undefined reference to `sgemm_'
collect2: error: ld returned 1 exit status
make[1]: *** [CMakeFiles/cmTC_527b9.dir/build.make:87: cmTC_527b9] Error 1
make[1]: Leaving directory '/mnt/docker/remote_machine_utils/dlib-19.21/examples/build/CMakeFiles/CMakeTmp'
make: *** [Makefile:121: cmTC_527b9/fast] Error 2



